🚀 开始真实存储技术信息收集...
📁 知识库目录: /home/ubuntu/.openclaw/workspace/storage-knowledge-base
📅 收集日期: 2026-03-22
==================================================
🔍 开始收集存储技术信息...
  📡 检查: AWS Storage Blog
    ✅ 找到 5 篇文章
  📡 检查: Azure Storage Updates
    ⚠️  未找到相关文章
  📡 检查: Google Cloud Blog - Storage
    ⚠️  未找到相关文章
  📡 检查: StorageReview
    ✅ 找到 5 篇文章
  📡 检查: Blocks & Files
    ⚠️  未找到相关文章
==================================================
📊 收集完成!
  检查源: 5 个
  找到文章: 10 篇
  热门关键词: storage, S3, File
✅ 日报已生成: /home/ubuntu/.openclaw/workspace/storage-knowledge-base/01-每日简报/2026-03-22-存储技术日报-真实数据.md
✅ 原始数据已保存: /home/ubuntu/.openclaw/workspace/storage-knowledge-base/01-每日简报/2026-03-22-raw-data.json
✅ README 已更新

🎉 真实数据收集完成!
📄 报告文件: /home/ubuntu/.openclaw/workspace/storage-knowledge-base/01-每日简报/2026-03-22-存储技术日报-真实数据.md
📅 日期: 2026-03-22
📊 统计: 10 篇文章

📋 下一步:
1. 查看生成的日报文件
2. 验证收集到的数据质量
3. 根据需要调整信息源
4. 配置定时任务自动化执行
🚀 开始真实存储技术信息收集...
📁 知识库目录: /home/ubuntu/.openclaw/workspace/storage-knowledge-base
📅 收集日期: 2026-03-23
==================================================
🔍 开始收集存储技术信息...
  📡 检查: AWS Storage Blog
    ✅ 找到 5 篇文章
  📡 检查: Azure Storage Updates
    ⚠️  未找到相关文章
  📡 检查: Google Cloud Blog - Storage
    ⚠️  未找到相关文章
  📡 检查: StorageReview
    ✅ 找到 5 篇文章
  📡 检查: Blocks & Files
    ⚠️  未找到相关文章
==================================================
📊 收集完成!
  检查源: 5 个
  找到文章: 10 篇
  热门关键词: storage, S3, file storage
✅ 日报已生成: /home/ubuntu/.openclaw/workspace/storage-knowledge-base/01-每日简报/2026-03-23-存储技术日报-真实数据.md
✅ 原始数据已保存: /home/ubuntu/.openclaw/workspace/storage-knowledge-base/01-每日简报/2026-03-23-raw-data.json
✅ README 已更新

🎉 真实数据收集完成!
📄 报告文件: /home/ubuntu/.openclaw/workspace/storage-knowledge-base/01-每日简报/2026-03-23-存储技术日报-真实数据.md
📅 日期: 2026-03-23
📊 统计: 10 篇文章

📋 下一步:
1. 查看生成的日报文件
2. 验证收集到的数据质量
3. 根据需要调整信息源
4. 配置定时任务自动化执行
🚀 开始真实存储技术信息收集...
📁 知识库目录: /home/ubuntu/.openclaw/workspace/storage-knowledge-base
📅 收集日期: 2026-03-24
==================================================
🔍 开始收集存储技术信息...
  📡 检查: AWS Storage Blog
    ✅ 找到 5 篇文章
  📡 检查: Azure Storage Updates
    ⚠️  未找到相关文章
  📡 检查: Google Cloud Blog - Storage
    ⚠️  未找到相关文章
  📡 检查: StorageReview
    ✅ 找到 5 篇文章
  📡 检查: Blocks & Files
    ⚠️  未找到相关文章
==================================================
📊 收集完成!
  检查源: 5 个
  找到文章: 10 篇
  热门关键词: storage, S3, File
✅ 日报已生成: /home/ubuntu/.openclaw/workspace/storage-knowledge-base/01-每日简报/2026-03-24-存储技术日报-真实数据.md
✅ 原始数据已保存: /home/ubuntu/.openclaw/workspace/storage-knowledge-base/01-每日简报/2026-03-24-raw-data.json
✅ README 已更新

🎉 真实数据收集完成!
📄 报告文件: /home/ubuntu/.openclaw/workspace/storage-knowledge-base/01-每日简报/2026-03-24-存储技术日报-真实数据.md
📅 日期: 2026-03-24
📊 统计: 10 篇文章

📋 下一步:
1. 查看生成的日报文件
2. 验证收集到的数据质量
3. 根据需要调整信息源
4. 配置定时任务自动化执行
🚀 开始真实存储技术信息收集...
📁 知识库目录: /home/ubuntu/.openclaw/workspace/storage-knowledge-base
📅 收集日期: 2026-03-25
==================================================
🔍 开始收集存储技术信息...
  📡 检查: AWS Storage Blog
    ✅ 找到 5 篇文章
  📡 检查: Azure Storage Updates
    ⚠️  未找到相关文章
  📡 检查: Google Cloud Blog - Storage
    ⚠️  未找到相关文章
  📡 检查: StorageReview
    ✅ 找到 4 篇文章
  📡 检查: Blocks & Files
    ⚠️  未找到相关文章
==================================================
📊 收集完成!
  检查源: 5 个
  找到文章: 9 篇
  热门关键词: storage, S3, FSx
✅ 日报已生成: /home/ubuntu/.openclaw/workspace/storage-knowledge-base/01-每日简报/2026-03-25-存储技术日报-真实数据.md
✅ 原始数据已保存: /home/ubuntu/.openclaw/workspace/storage-knowledge-base/01-每日简报/2026-03-25-raw-data.json
✅ README 已更新

🎉 真实数据收集完成!
📄 报告文件: /home/ubuntu/.openclaw/workspace/storage-knowledge-base/01-每日简报/2026-03-25-存储技术日报-真实数据.md
📅 日期: 2026-03-25
📊 统计: 9 篇文章

📋 下一步:
1. 查看生成的日报文件
2. 验证收集到的数据质量
3. 根据需要调整信息源
4. 配置定时任务自动化执行
🚀 开始真实存储技术信息收集...
📁 知识库目录: /home/ubuntu/.openclaw/workspace/storage-knowledge-base
📅 收集日期: 2026-03-26
==================================================
🔍 开始收集存储技术信息...
  📡 检查: AWS Storage Blog
    ✅ 找到 5 篇文章
  📡 检查: Azure Storage Updates
    ⚠️  未找到相关文章
  📡 检查: Google Cloud Blog - Storage
    ⚠️  未找到相关文章
  📡 检查: StorageReview
    ✅ 找到 4 篇文章
  📡 检查: Blocks & Files
    ⚠️  未找到相关文章
==================================================
📊 收集完成!
  检查源: 5 个
  找到文章: 9 篇
  热门关键词: storage, S3, SAN
✅ 日报已生成: /home/ubuntu/.openclaw/workspace/storage-knowledge-base/01-每日简报/2026-03-26-存储技术日报-真实数据.md
✅ 原始数据已保存: /home/ubuntu/.openclaw/workspace/storage-knowledge-base/01-每日简报/2026-03-26-raw-data.json
✅ README 已更新

🎉 真实数据收集完成!
📄 报告文件: /home/ubuntu/.openclaw/workspace/storage-knowledge-base/01-每日简报/2026-03-26-存储技术日报-真实数据.md
📅 日期: 2026-03-26
📊 统计: 9 篇文章

📋 下一步:
1. 查看生成的日报文件
2. 验证收集到的数据质量
3. 根据需要调整信息源
4. 配置定时任务自动化执行
🚀 开始真实存储技术信息收集...
📁 知识库目录: /home/ubuntu/.openclaw/workspace/storage-knowledge-base
📅 收集日期: 2026-03-27
==================================================
🔍 开始收集存储技术信息...
  📡 检查: AWS Storage Blog
    ✅ 找到 5 篇文章
  📡 检查: Azure Storage Updates
    ⚠️  未找到相关文章
  📡 检查: Google Cloud Blog - Storage
    ⚠️  未找到相关文章
  📡 检查: StorageReview
    ✅ 找到 4 篇文章
  📡 检查: Blocks & Files
    ⚠️  未找到相关文章
==================================================
📊 收集完成!
  检查源: 5 个
  找到文章: 9 篇
  热门关键词: storage, S3, SAN
✅ 日报已生成: /home/ubuntu/.openclaw/workspace/storage-knowledge-base/01-每日简报/2026-03-27-存储技术日报-真实数据.md
✅ 原始数据已保存: /home/ubuntu/.openclaw/workspace/storage-knowledge-base/01-每日简报/2026-03-27-raw-data.json
✅ README 已更新

🎉 真实数据收集完成!
📄 报告文件: /home/ubuntu/.openclaw/workspace/storage-knowledge-base/01-每日简报/2026-03-27-存储技术日报-真实数据.md
📅 日期: 2026-03-27
📊 统计: 9 篇文章

📋 下一步:
1. 查看生成的日报文件
2. 验证收集到的数据质量
3. 根据需要调整信息源
4. 配置定时任务自动化执行
🚀 开始真实存储技术信息收集...
📁 知识库目录: /home/ubuntu/.openclaw/workspace/storage-knowledge-base
📅 收集日期: 2026-03-28
==================================================
🔍 开始收集存储技术信息...
  📡 检查: AWS Storage Blog
    ✅ 找到 5 篇文章
  📡 检查: Azure Storage Updates
    ⚠️  未找到相关文章
  📡 检查: Google Cloud Blog - Storage
    ⚠️  未找到相关文章
  📡 检查: StorageReview
    ✅ 找到 4 篇文章
  📡 检查: Blocks & Files
    ⚠️  未找到相关文章
==================================================
📊 收集完成!
  检查源: 5 个
  找到文章: 9 篇
  热门关键词: storage, S3, SAN
✅ 日报已生成: /home/ubuntu/.openclaw/workspace/storage-knowledge-base/01-每日简报/2026-03-28-存储技术日报-真实数据.md
✅ 原始数据已保存: /home/ubuntu/.openclaw/workspace/storage-knowledge-base/01-每日简报/2026-03-28-raw-data.json
✅ README 已更新

🎉 真实数据收集完成!
📄 报告文件: /home/ubuntu/.openclaw/workspace/storage-knowledge-base/01-每日简报/2026-03-28-存储技术日报-真实数据.md
📅 日期: 2026-03-28
📊 统计: 9 篇文章

📋 下一步:
1. 查看生成的日报文件
2. 验证收集到的数据质量
3. 根据需要调整信息源
4. 配置定时任务自动化执行
🚀 开始真实存储技术信息收集...
📁 知识库目录: /home/ubuntu/.openclaw/workspace/storage-knowledge-base
📅 收集日期: 2026-03-29
==================================================
🔍 开始收集存储技术信息...
  📡 检查: AWS Storage Blog
    ✅ 找到 5 篇文章
  📡 检查: Azure Storage Updates
    ⚠️  未找到相关文章
  📡 检查: Google Cloud Blog - Storage
    ⚠️  未找到相关文章
  📡 检查: StorageReview
    ✅ 找到 4 篇文章
  📡 检查: Blocks & Files
    ⚠️  未找到相关文章
==================================================
📊 收集完成!
  检查源: 5 个
  找到文章: 9 篇
  热门关键词: storage, S3, SAN
✅ 日报已生成: /home/ubuntu/.openclaw/workspace/storage-knowledge-base/01-每日简报/2026-03-29-存储技术日报-真实数据.md
✅ 原始数据已保存: /home/ubuntu/.openclaw/workspace/storage-knowledge-base/01-每日简报/2026-03-29-raw-data.json
✅ README 已更新

🎉 真实数据收集完成!
📄 报告文件: /home/ubuntu/.openclaw/workspace/storage-knowledge-base/01-每日简报/2026-03-29-存储技术日报-真实数据.md
📅 日期: 2026-03-29
📊 统计: 9 篇文章

📋 下一步:
1. 查看生成的日报文件
2. 验证收集到的数据质量
3. 根据需要调整信息源
4. 配置定时任务自动化执行
🚀 开始真实存储技术信息收集...
📁 知识库目录: /home/ubuntu/.openclaw/workspace/storage-knowledge-base
📅 收集日期: 2026-03-30
==================================================
🔍 开始收集存储技术信息...
  📡 检查: AWS Storage Blog
    ✅ 找到 5 篇文章
  📡 检查: Azure Storage Updates
    ⚠️  未找到相关文章
  📡 检查: Google Cloud Blog - Storage
    ⚠️  未找到相关文章
  📡 检查: StorageReview
    ✅ 找到 4 篇文章
  📡 检查: Blocks & Files
    ⚠️  未找到相关文章
==================================================
📊 收集完成!
  检查源: 5 个
  找到文章: 9 篇
  热门关键词: storage, S3, SAN
✅ 日报已生成: /home/ubuntu/.openclaw/workspace/storage-knowledge-base/01-每日简报/2026-03-30-存储技术日报-真实数据.md
✅ 原始数据已保存: /home/ubuntu/.openclaw/workspace/storage-knowledge-base/01-每日简报/2026-03-30-raw-data.json
✅ README 已更新

🎉 真实数据收集完成!
📄 报告文件: /home/ubuntu/.openclaw/workspace/storage-knowledge-base/01-每日简报/2026-03-30-存储技术日报-真实数据.md
📅 日期: 2026-03-30
📊 统计: 9 篇文章

📋 下一步:
1. 查看生成的日报文件
2. 验证收集到的数据质量
3. 根据需要调整信息源
4. 配置定时任务自动化执行
🚀 开始真实存储技术信息收集...
📁 知识库目录: /home/ubuntu/.openclaw/workspace/storage-knowledge-base
📅 收集日期: 2026-03-31
==================================================
🔍 开始收集存储技术信息...
  📡 检查: AWS Storage Blog
    ✅ 找到 5 篇文章
  📡 检查: Azure Storage Updates
    ⚠️  未找到相关文章
  📡 检查: Google Cloud Blog - Storage
    ⚠️  未找到相关文章
  📡 检查: StorageReview
    ✅ 找到 4 篇文章
  📡 检查: Blocks & Files
    ⚠️  未找到相关文章
==================================================
📊 收集完成!
  检查源: 5 个
  找到文章: 9 篇
  热门关键词: storage, S3, SAN
✅ 日报已生成: /home/ubuntu/.openclaw/workspace/storage-knowledge-base/01-每日简报/2026-03-31-存储技术日报-真实数据.md
✅ 原始数据已保存: /home/ubuntu/.openclaw/workspace/storage-knowledge-base/01-每日简报/2026-03-31-raw-data.json
✅ README 已更新

🎉 真实数据收集完成!
📄 报告文件: /home/ubuntu/.openclaw/workspace/storage-knowledge-base/01-每日简报/2026-03-31-存储技术日报-真实数据.md
📅 日期: 2026-03-31
📊 统计: 9 篇文章

📋 下一步:
1. 查看生成的日报文件
2. 验证收集到的数据质量
3. 根据需要调整信息源
4. 配置定时任务自动化执行
🚀 开始真实存储技术信息收集...
📁 知识库目录: /home/ubuntu/.openclaw/workspace/storage-knowledge-base
📅 收集日期: 2026-04-01
==================================================
🔍 开始收集存储技术信息...
  📡 检查: AWS Storage Blog
    ✅ 找到 5 篇文章
  📡 检查: Azure Storage Updates
    ⚠️  未找到相关文章
  📡 检查: Google Cloud Blog - Storage
  ⚠️  curl失败: 
    ❌ 无法获取内容
  📡 检查: StorageReview
    ✅ 找到 4 篇文章
  📡 检查: Blocks & Files
    ⚠️  未找到相关文章
==================================================
📊 收集完成!
  检查源: 5 个
  找到文章: 9 篇
  热门关键词: storage, S3, SAN
✅ 日报已生成: /home/ubuntu/.openclaw/workspace/storage-knowledge-base/01-每日简报/2026-04-01-存储技术日报-真实数据.md
✅ 原始数据已保存: /home/ubuntu/.openclaw/workspace/storage-knowledge-base/01-每日简报/2026-04-01-raw-data.json
✅ README 已更新

🎉 真实数据收集完成!
📄 报告文件: /home/ubuntu/.openclaw/workspace/storage-knowledge-base/01-每日简报/2026-04-01-存储技术日报-真实数据.md
📅 日期: 2026-04-01
📊 统计: 9 篇文章

📋 下一步:
1. 查看生成的日报文件
2. 验证收集到的数据质量
3. 根据需要调整信息源
4. 配置定时任务自动化执行
🚀 开始真实存储技术信息收集...
📁 知识库目录: /home/ubuntu/.openclaw/workspace/storage-knowledge-base
📅 收集日期: 2026-04-02
==================================================
🔍 开始收集存储技术信息...
  📡 检查: AWS Storage Blog
    ✅ 找到 5 篇文章
  📡 检查: Azure Storage Updates
    ⚠️  未找到相关文章
  📡 检查: Google Cloud Blog - Storage
    ⚠️  未找到相关文章
  📡 检查: StorageReview
    ✅ 找到 4 篇文章
  📡 检查: Blocks & Files
    ⚠️  未找到相关文章
==================================================
📊 收集完成!
  检查源: 5 个
  找到文章: 9 篇
  热门关键词: storage, S3, SAN
✅ 日报已生成: /home/ubuntu/.openclaw/workspace/storage-knowledge-base/01-每日简报/2026-04-02-存储技术日报-真实数据.md
✅ 原始数据已保存: /home/ubuntu/.openclaw/workspace/storage-knowledge-base/01-每日简报/2026-04-02-raw-data.json
✅ README 已更新

🎉 真实数据收集完成!
📄 报告文件: /home/ubuntu/.openclaw/workspace/storage-knowledge-base/01-每日简报/2026-04-02-存储技术日报-真实数据.md
📅 日期: 2026-04-02
📊 统计: 9 篇文章

📋 下一步:
1. 查看生成的日报文件
2. 验证收集到的数据质量
3. 根据需要调整信息源
4. 配置定时任务自动化执行
🚀 开始真实存储技术信息收集...
📁 知识库目录: /home/ubuntu/.openclaw/workspace/storage-knowledge-base
📅 收集日期: 2026-04-03
==================================================
🔍 开始收集存储技术信息...
  📡 检查: AWS Storage Blog
    ✅ 找到 5 篇文章
  📡 检查: Azure Storage Updates
    ⚠️  未找到相关文章
  📡 检查: Google Cloud Blog - Storage
    ⚠️  未找到相关文章
  📡 检查: StorageReview
    ✅ 找到 4 篇文章
  📡 检查: Blocks & Files
    ⚠️  未找到相关文章
==================================================
📊 收集完成!
  检查源: 5 个
  找到文章: 9 篇
  热门关键词: storage, S3, SAN
✅ 日报已生成: /home/ubuntu/.openclaw/workspace/storage-knowledge-base/01-每日简报/2026-04-03-存储技术日报-真实数据.md
✅ 原始数据已保存: /home/ubuntu/.openclaw/workspace/storage-knowledge-base/01-每日简报/2026-04-03-raw-data.json
✅ README 已更新

🎉 真实数据收集完成!
📄 报告文件: /home/ubuntu/.openclaw/workspace/storage-knowledge-base/01-每日简报/2026-04-03-存储技术日报-真实数据.md
📅 日期: 2026-04-03
📊 统计: 9 篇文章

📋 下一步:
1. 查看生成的日报文件
2. 验证收集到的数据质量
3. 根据需要调整信息源
4. 配置定时任务自动化执行
