✅ 状态检查完成
📄 详细报告: /home/ubuntu/.openclaw/workspace/storage-knowledge-base/logs/system-status-20260322.txt

📋 检查摘要:
  系统时间: 12:00:05
  知识库大小: 1.1M
  今日日报: ❌ 未生成
  GitHub同步: ⚠️  需检查
  定时任务: 5 个
  磁盘使用: 19%

⚠️  警告: 发现需要关注的问题，请查看详细报告
✅ 状态检查完成
📄 详细报告: /home/ubuntu/.openclaw/workspace/storage-knowledge-base/logs/system-status-20260323.txt

📋 检查摘要:
  系统时间: 12:00:03
  知识库大小: 1.2M
  今日日报: ❌ 未生成
  GitHub同步: ⚠️  需检查
  定时任务: 5 个
  磁盘使用: 19%

⚠️  警告: 发现需要关注的问题，请查看详细报告
✅ 状态检查完成
📄 详细报告: /home/ubuntu/.openclaw/workspace/storage-knowledge-base/logs/system-status-20260324.txt

📋 检查摘要:
  系统时间: 12:00:03
  知识库大小: 1.4M
  今日日报: ❌ 未生成
  GitHub同步: ⚠️  需检查
  定时任务: 5 个
  磁盘使用: 19%

⚠️  警告: 发现需要关注的问题，请查看详细报告
✅ 状态检查完成
📄 详细报告: /home/ubuntu/.openclaw/workspace/storage-knowledge-base/logs/system-status-20260325.txt

📋 检查摘要:
  系统时间: 12:00:02
  知识库大小: 1.5M
  今日日报: ❌ 未生成
  GitHub同步: ⚠️  需检查
  定时任务: 5 个
  磁盘使用: 19%

⚠️  警告: 发现需要关注的问题，请查看详细报告
✅ 状态检查完成
📄 详细报告: /home/ubuntu/.openclaw/workspace/storage-knowledge-base/logs/system-status-20260326.txt

📋 检查摘要:
  系统时间: 12:00:05
  知识库大小: 1.6M
  今日日报: ❌ 未生成
  GitHub同步: ⚠️  需检查
  定时任务: 5 个
  磁盘使用: 19%

⚠️  警告: 发现需要关注的问题，请查看详细报告
✅ 状态检查完成
📄 详细报告: /home/ubuntu/.openclaw/workspace/storage-knowledge-base/logs/system-status-20260327.txt

📋 检查摘要:
  系统时间: 12:00:04
  知识库大小: 1.7M
  今日日报: ❌ 未生成
  GitHub同步: ⚠️  需检查
  定时任务: 5 个
  磁盘使用: 19%

⚠️  警告: 发现需要关注的问题，请查看详细报告
✅ 状态检查完成
📄 详细报告: /home/ubuntu/.openclaw/workspace/storage-knowledge-base/logs/system-status-20260328.txt

📋 检查摘要:
  系统时间: 12:00:02
  知识库大小: 1.8M
  今日日报: ❌ 未生成
  GitHub同步: ⚠️  需检查
  定时任务: 5 个
  磁盘使用: 19%

⚠️  警告: 发现需要关注的问题，请查看详细报告
✅ 状态检查完成
📄 详细报告: /home/ubuntu/.openclaw/workspace/storage-knowledge-base/logs/system-status-20260329.txt

📋 检查摘要:
  系统时间: 12:00:04
  知识库大小: 1.9M
  今日日报: ❌ 未生成
  GitHub同步: ⚠️  需检查
  定时任务: 5 个
  磁盘使用: 19%

⚠️  警告: 发现需要关注的问题，请查看详细报告
✅ 状态检查完成
📄 详细报告: /home/ubuntu/.openclaw/workspace/storage-knowledge-base/logs/system-status-20260330.txt

📋 检查摘要:
  系统时间: 12:00:03
  知识库大小: 2.1M
  今日日报: ❌ 未生成
  GitHub同步: ⚠️  需检查
  定时任务: 5 个
  磁盘使用: 19%

⚠️  警告: 发现需要关注的问题，请查看详细报告
✅ 状态检查完成
📄 详细报告: /home/ubuntu/.openclaw/workspace/storage-knowledge-base/logs/system-status-20260331.txt

📋 检查摘要:
  系统时间: 12:00:05
  知识库大小: 2.2M
  今日日报: ❌ 未生成
  GitHub同步: ⚠️  需检查
  定时任务: 5 个
  磁盘使用: 19%

⚠️  警告: 发现需要关注的问题，请查看详细报告
✅ 状态检查完成
📄 详细报告: /home/ubuntu/.openclaw/workspace/storage-knowledge-base/logs/system-status-20260401.txt

📋 检查摘要:
  系统时间: 12:00:05
  知识库大小: 2.3M
  今日日报: ❌ 未生成
  GitHub同步: ⚠️  需检查
  定时任务: 5 个
  磁盘使用: 19%

⚠️  警告: 发现需要关注的问题，请查看详细报告
✅ 状态检查完成
📄 详细报告: /home/ubuntu/.openclaw/workspace/storage-knowledge-base/logs/system-status-20260402.txt

📋 检查摘要:
  系统时间: 12:00:03
  知识库大小: 2.4M
  今日日报: ❌ 未生成
  GitHub同步: ⚠️  需检查
  定时任务: 5 个
  磁盘使用: 19%

⚠️  警告: 发现需要关注的问题，请查看详细报告
✅ 状态检查完成
📄 详细报告: /home/ubuntu/.openclaw/workspace/storage-knowledge-base/logs/system-status-20260403.txt

📋 检查摘要:
  系统时间: 12:00:05
  知识库大小: 2.5M
  今日日报: ❌ 未生成
  GitHub同步: ⚠️  需检查
  定时任务: 5 个
  磁盘使用: 19%

⚠️  警告: 发现需要关注的问题，请查看详细报告
✅ 状态检查完成
📄 详细报告: /home/ubuntu/.openclaw/workspace/storage-knowledge-base/logs/system-status-20260404.txt

📋 检查摘要:
  系统时间: 12:00:03
  知识库大小: 2.7M
  今日日报: ❌ 未生成
  GitHub同步: ⚠️  需检查
  定时任务: 5 个
  磁盘使用: 19%

⚠️  警告: 发现需要关注的问题，请查看详细报告
✅ 状态检查完成
📄 详细报告: /home/ubuntu/.openclaw/workspace/storage-knowledge-base/logs/system-status-20260405.txt

📋 检查摘要:
  系统时间: 12:00:03
  知识库大小: 2.8M
  今日日报: ❌ 未生成
  GitHub同步: ⚠️  需检查
  定时任务: 5 个
  磁盘使用: 19%

⚠️  警告: 发现需要关注的问题，请查看详细报告
✅ 状态检查完成
📄 详细报告: /home/ubuntu/.openclaw/workspace/storage-knowledge-base/logs/system-status-20260406.txt

📋 检查摘要:
  系统时间: 12:00:03
  知识库大小: 2.9M
  今日日报: ❌ 未生成
  GitHub同步: ⚠️  需检查
  定时任务: 5 个
  磁盘使用: 19%

⚠️  警告: 发现需要关注的问题，请查看详细报告
✅ 状态检查完成
📄 详细报告: /home/ubuntu/.openclaw/workspace/storage-knowledge-base/logs/system-status-20260407.txt

📋 检查摘要:
  系统时间: 12:00:02
  知识库大小: 3.0M
  今日日报: ❌ 未生成
  GitHub同步: ⚠️  需检查
  定时任务: 5 个
  磁盘使用: 19%

⚠️  警告: 发现需要关注的问题，请查看详细报告
✅ 状态检查完成
📄 详细报告: /home/ubuntu/.openclaw/workspace/storage-knowledge-base/logs/system-status-20260408.txt

📋 检查摘要:
  系统时间: 12:00:04
  知识库大小: 3.1M
  今日日报: ❌ 未生成
  GitHub同步: ⚠️  需检查
  定时任务: 5 个
  磁盘使用: 19%

⚠️  警告: 发现需要关注的问题，请查看详细报告
✅ 状态检查完成
📄 详细报告: /home/ubuntu/.openclaw/workspace/storage-knowledge-base/logs/system-status-20260409.txt

📋 检查摘要:
  系统时间: 12:00:03
  知识库大小: 3.2M
  今日日报: ❌ 未生成
  GitHub同步: ⚠️  需检查
  定时任务: 5 个
  磁盘使用: 19%

⚠️  警告: 发现需要关注的问题，请查看详细报告
✅ 状态检查完成
📄 详细报告: /home/ubuntu/.openclaw/workspace/storage-knowledge-base/logs/system-status-20260410.txt

📋 检查摘要:
  系统时间: 12:00:03
  知识库大小: 3.3M
  今日日报: ❌ 未生成
  GitHub同步: ⚠️  需检查
  定时任务: 5 个
  磁盘使用: 19%

⚠️  警告: 发现需要关注的问题，请查看详细报告
✅ 状态检查完成
📄 详细报告: /home/ubuntu/.openclaw/workspace/storage-knowledge-base/logs/system-status-20260411.txt

📋 检查摘要:
  系统时间: 12:00:06
  知识库大小: 3.4M
  今日日报: ❌ 未生成
  GitHub同步: ⚠️  需检查
  定时任务: 5 个
  磁盘使用: 19%

⚠️  警告: 发现需要关注的问题，请查看详细报告
✅ 状态检查完成
📄 详细报告: /home/ubuntu/.openclaw/workspace/storage-knowledge-base/logs/system-status-20260412.txt

📋 检查摘要:
  系统时间: 12:00:03
  知识库大小: 3.5M
  今日日报: ❌ 未生成
  GitHub同步: ⚠️  需检查
  定时任务: 5 个
  磁盘使用: 19%

⚠️  警告: 发现需要关注的问题，请查看详细报告
✅ 状态检查完成
📄 详细报告: /home/ubuntu/.openclaw/workspace/storage-knowledge-base/logs/system-status-20260413.txt

📋 检查摘要:
  系统时间: 12:00:03
  知识库大小: 3.7M
  今日日报: ❌ 未生成
  GitHub同步: ⚠️  需检查
  定时任务: 5 个
  磁盘使用: 19%

⚠️  警告: 发现需要关注的问题，请查看详细报告
✅ 状态检查完成
📄 详细报告: /home/ubuntu/.openclaw/workspace/storage-knowledge-base/logs/system-status-20260414.txt

📋 检查摘要:
  系统时间: 12:00:04
  知识库大小: 3.8M
  今日日报: ❌ 未生成
  GitHub同步: ⚠️  需检查
  定时任务: 5 个
  磁盘使用: 19%

⚠️  警告: 发现需要关注的问题，请查看详细报告
✅ 状态检查完成
📄 详细报告: /home/ubuntu/.openclaw/workspace/storage-knowledge-base/logs/system-status-20260415.txt

📋 检查摘要:
  系统时间: 12:00:06
  知识库大小: 3.9M
  今日日报: ❌ 未生成
  GitHub同步: ⚠️  需检查
  定时任务: 5 个
  磁盘使用: 19%

⚠️  警告: 发现需要关注的问题，请查看详细报告
