[0;34m[INFO][0m 开始同步存储技术知识库到 GitHub...
[0;34m[INFO][0m 知识库目录: /home/ubuntu/.openclaw/workspace/storage-knowledge-base
[0;34m[INFO][0m 提交信息: 自动更新: 2026年03月22日 02:00:01 的存储技术知识库更新
[0;34m[INFO][0m Git 仓库已存在
[0;34m[INFO][0m 远程仓库已配置
[0;34m[INFO][0m 生成更新摘要...
[0;32m[SUCCESS][0m 更新摘要生成完成
[0;34m[INFO][0m 执行 Git 操作...
[main 03974bc] 自动更新: 2026年03月22日 02:00:01 的存储技术知识库更新
 19 files changed, 2691 insertions(+), 16 deletions(-)
 create mode 100644 logs/sync.log
 create mode 100644 scripts/complex-task-handler.py
 create mode 100644 scripts/deep-analysis-reasoner.py
 create mode 100644 scripts/model-selector.md
 create mode 100644 scripts/simple-complex-handler.py
 create mode 100644 scripts/task-complexity-analyzer.py
 create mode 100644 "\345\220\214\346\255\245\346\212\245\345\221\212-20260321-162229.txt"
 create mode 100644 "\345\244\215\346\235\202\344\273\273\345\212\241\345\244\204\347\220\206/20260321-164027/analysis-result.md"
 create mode 100644 "\345\244\215\346\235\202\344\273\273\345\212\241\345\244\204\347\220\206/20260321-164027/prompt.txt"
 create mode 100644 "\345\244\215\346\235\202\344\273\273\345\212\241\345\244\204\347\220\206/20260321-164027/task-info.json"
 create mode 100644 "\345\244\215\346\235\202\344\273\273\345\212\241\345\244\204\347\220\206/20260321-164027/\347\237\245\350\257\206\345\272\223\346\235\241\347\233\256.md"
 create mode 100644 "\345\244\215\346\235\202\344\273\273\345\212\241\345\244\204\347\220\206\346\214\207\345\215\227.md"
 create mode 100644 "\346\250\241\345\236\213\344\275\277\347\224\250\347\255\226\347\225\245.md"
 create mode 100644 "\346\267\261\345\272\246\345\210\206\346\236\220\346\212\245\345\221\212/\346\257\217\345\221\250\346\267\261\345\272\246\345\210\206\346\236\220/\347\254\25412\345\221\250-\346\267\261\345\272\246\345\210\206\346\236\220\346\212\245\345\221\212.md"
 create mode 100644 "\347\234\237\345\256\236\346\225\260\346\215\256\346\224\266\351\233\206\346\265\213\350\257\225\346\212\245\345\221\212.md"
[0;34m[INFO][0m 推送到远程仓库...
branch 'main' set up to track 'origin/main'.
[0;32m[SUCCESS][0m 推送完成
[0;34m[INFO][0m 生成同步报告...
[0;32m[SUCCESS][0m 同步报告生成完成: /home/ubuntu/.openclaw/workspace/storage-knowledge-base/同步报告-20260322-020004.txt
[0;32m[SUCCESS][0m 知识库同步流程完成!

[0;34m[INFO][0m 下一步建议:
1. 如果需要推送到 GitHub，请先配置远程仓库:
   cd /home/ubuntu/.openclaw/workspace/storage-knowledge-base
   git remote add origin <你的GitHub仓库URL>
   git branch -M main
   git push -u origin main

2. 可以设置定时任务自动执行此脚本:
   crontab -e
   # 添加以下行（每天凌晨2点执行）
   0 2 * * * /home/ubuntu/.openclaw/workspace/storage-knowledge-base/scripts/sync-to-github.sh >> /home/ubuntu/.openclaw/workspace/storage-knowledge-base/sync.log 2>&1
[0;34m[INFO][0m 开始同步存储技术知识库到 GitHub...
[0;34m[INFO][0m 知识库目录: /home/ubuntu/.openclaw/workspace/storage-knowledge-base
[0;34m[INFO][0m 提交信息: 自动更新: 2026年03月23日 02:00:01 的存储技术知识库更新
[0;34m[INFO][0m Git 仓库已存在
[0;34m[INFO][0m 远程仓库已配置
[0;34m[INFO][0m 生成更新摘要...
[0;32m[SUCCESS][0m 更新摘要生成完成
[0;34m[INFO][0m 执行 Git 操作...
[main 43696d4] 自动更新: 2026年03月23日 02:00:01 的存储技术知识库更新
 12 files changed, 826 insertions(+), 14 deletions(-)
 create mode 100644 "01-\346\257\217\346\227\245\347\256\200\346\212\245/2026-03-22-raw-data.json"
 create mode 100644 "01-\346\257\217\346\227\245\347\256\200\346\212\245/2026-03-22-\345\255\230\345\202\250\346\212\200\346\234\257\346\227\245\346\212\245-\347\234\237\345\256\236\346\225\260\346\215\256.md"
 create mode 100644 logs/collection.log
 create mode 100644 logs/deep-analysis.log
 create mode 100644 logs/status.log
 create mode 100644 logs/system-status-20260322.txt
 create mode 100644 "\345\220\214\346\255\245\346\212\245\345\221\212-20260322-020004.txt"
[0;34m[INFO][0m 推送到远程仓库...
branch 'main' set up to track 'origin/main'.
[0;32m[SUCCESS][0m 推送完成
[0;34m[INFO][0m 生成同步报告...
[0;32m[SUCCESS][0m 同步报告生成完成: /home/ubuntu/.openclaw/workspace/storage-knowledge-base/同步报告-20260323-020003.txt
[0;32m[SUCCESS][0m 知识库同步流程完成!

[0;34m[INFO][0m 下一步建议:
1. 如果需要推送到 GitHub，请先配置远程仓库:
   cd /home/ubuntu/.openclaw/workspace/storage-knowledge-base
   git remote add origin <你的GitHub仓库URL>
   git branch -M main
   git push -u origin main

2. 可以设置定时任务自动执行此脚本:
   crontab -e
   # 添加以下行（每天凌晨2点执行）
   0 2 * * * /home/ubuntu/.openclaw/workspace/storage-knowledge-base/scripts/sync-to-github.sh >> /home/ubuntu/.openclaw/workspace/storage-knowledge-base/sync.log 2>&1
[0;34m[INFO][0m 开始同步存储技术知识库到 GitHub...
[0;34m[INFO][0m 知识库目录: /home/ubuntu/.openclaw/workspace/storage-knowledge-base
[0;34m[INFO][0m 提交信息: 自动更新: 2026年03月24日 02:00:01 的存储技术知识库更新
[0;34m[INFO][0m Git 仓库已存在
[0;34m[INFO][0m 远程仓库已配置
[0;34m[INFO][0m 生成更新摘要...
[0;32m[SUCCESS][0m 更新摘要生成完成
[0;34m[INFO][0m 执行 Git 操作...
[main 0afd834] 自动更新: 2026年03月24日 02:00:01 的存储技术知识库更新
 10 files changed, 792 insertions(+), 7 deletions(-)
 create mode 100644 "01-\346\257\217\346\227\245\347\256\200\346\212\245/2026-03-23-raw-data.json"
 create mode 100644 "01-\346\257\217\346\227\245\347\256\200\346\212\245/2026-03-23-\345\255\230\345\202\250\346\212\200\346\234\257\346\227\245\346\212\245-\347\234\237\345\256\236\346\225\260\346\215\256.md"
 create mode 100644 logs/system-status-20260323.txt
 create mode 100644 "\345\220\214\346\255\245\346\212\245\345\221\212-20260323-020003.txt"
[0;34m[INFO][0m 推送到远程仓库...
branch 'main' set up to track 'origin/main'.
[0;32m[SUCCESS][0m 推送完成
[0;34m[INFO][0m 生成同步报告...
[0;32m[SUCCESS][0m 同步报告生成完成: /home/ubuntu/.openclaw/workspace/storage-knowledge-base/同步报告-20260324-020005.txt
[0;32m[SUCCESS][0m 知识库同步流程完成!

[0;34m[INFO][0m 下一步建议:
1. 如果需要推送到 GitHub，请先配置远程仓库:
   cd /home/ubuntu/.openclaw/workspace/storage-knowledge-base
   git remote add origin <你的GitHub仓库URL>
   git branch -M main
   git push -u origin main

2. 可以设置定时任务自动执行此脚本:
   crontab -e
   # 添加以下行（每天凌晨2点执行）
   0 2 * * * /home/ubuntu/.openclaw/workspace/storage-knowledge-base/scripts/sync-to-github.sh >> /home/ubuntu/.openclaw/workspace/storage-knowledge-base/sync.log 2>&1
[0;34m[INFO][0m 开始同步存储技术知识库到 GitHub...
[0;34m[INFO][0m 知识库目录: /home/ubuntu/.openclaw/workspace/storage-knowledge-base
[0;34m[INFO][0m 提交信息: 自动更新: 2026年03月25日 02:00:01 的存储技术知识库更新
[0;34m[INFO][0m Git 仓库已存在
[0;34m[INFO][0m 远程仓库已配置
[0;34m[INFO][0m 生成更新摘要...
[0;32m[SUCCESS][0m 更新摘要生成完成
[0;34m[INFO][0m 执行 Git 操作...
[main fb14a77] 自动更新: 2026年03月25日 02:00:01 的存储技术知识库更新
 10 files changed, 789 insertions(+), 6 deletions(-)
 create mode 100644 "01-\346\257\217\346\227\245\347\256\200\346\212\245/2026-03-24-raw-data.json"
 create mode 100644 "01-\346\257\217\346\227\245\347\256\200\346\212\245/2026-03-24-\345\255\230\345\202\250\346\212\200\346\234\257\346\227\245\346\212\245-\347\234\237\345\256\236\346\225\260\346\215\256.md"
 create mode 100644 logs/system-status-20260324.txt
 create mode 100644 "\345\220\214\346\255\245\346\212\245\345\221\212-20260324-020005.txt"
[0;34m[INFO][0m 推送到远程仓库...
branch 'main' set up to track 'origin/main'.
[0;32m[SUCCESS][0m 推送完成
[0;34m[INFO][0m 生成同步报告...
[0;32m[SUCCESS][0m 同步报告生成完成: /home/ubuntu/.openclaw/workspace/storage-knowledge-base/同步报告-20260325-020003.txt
[0;32m[SUCCESS][0m 知识库同步流程完成!

[0;34m[INFO][0m 下一步建议:
1. 如果需要推送到 GitHub，请先配置远程仓库:
   cd /home/ubuntu/.openclaw/workspace/storage-knowledge-base
   git remote add origin <你的GitHub仓库URL>
   git branch -M main
   git push -u origin main

2. 可以设置定时任务自动执行此脚本:
   crontab -e
   # 添加以下行（每天凌晨2点执行）
   0 2 * * * /home/ubuntu/.openclaw/workspace/storage-knowledge-base/scripts/sync-to-github.sh >> /home/ubuntu/.openclaw/workspace/storage-knowledge-base/sync.log 2>&1
[0;34m[INFO][0m 开始同步存储技术知识库到 GitHub...
[0;34m[INFO][0m 知识库目录: /home/ubuntu/.openclaw/workspace/storage-knowledge-base
[0;34m[INFO][0m 提交信息: 自动更新: 2026年03月26日 02:00:02 的存储技术知识库更新
[0;34m[INFO][0m Git 仓库已存在
[0;34m[INFO][0m 远程仓库已配置
[0;34m[INFO][0m 生成更新摘要...
[0;32m[SUCCESS][0m 更新摘要生成完成
[0;34m[INFO][0m 执行 Git 操作...
